[0.053s] Invoking command in '/home/jh0933/kdta_ws/build/simple_pkg_cpp': CMAKE_PREFIX_PATH=${CMAKE_PREFIX_PATH}:/opt/ros/humble /usr/bin/cmake --build /home/jh0933/kdta_ws/build/simple_pkg_cpp -- -j4 -l4
[0.110s] -- Found ament_cmake: 1.3.9 (/opt/ros/humble/share/ament_cmake/cmake)
[0.482s] -- Override CMake install command with custom implementation using symlinks instead of copying resources
[0.519s] -- Found rclcpp: 16.0.9 (/opt/ros/humble/share/rclcpp/cmake)
[0.588s] -- Found rosidl_generator_c: 3.1.5 (/opt/ros/humble/share/rosidl_generator_c/cmake)
[0.594s] -- Found rosidl_adapter: 3.1.5 (/opt/ros/humble/share/rosidl_adapter/cmake)
[0.608s] -- Found rosidl_generator_cpp: 3.1.5 (/opt/ros/humble/share/rosidl_generator_cpp/cmake)
[0.635s] -- Using all available rosidl_typesupport_c: rosidl_typesupport_fastrtps_c;rosidl_typesupport_introspection_c
[0.676s] -- Using all available rosidl_typesupport_cpp: rosidl_typesupport_fastrtps_cpp;rosidl_typesupport_introspection_cpp
[0.819s] -- Found rmw_implementation_cmake: 6.1.2 (/opt/ros/humble/share/rmw_implementation_cmake/cmake)
[0.833s] -- Found rmw_fastrtps_cpp: 6.2.6 (/opt/ros/humble/share/rmw_fastrtps_cpp/cmake)
[1.125s] -- Using RMW implementation 'rmw_fastrtps_cpp' as default
[1.577s] -- Found ament_lint_auto: 0.12.11 (/opt/ros/humble/share/ament_lint_auto/cmake)
[1.799s] -- Added test 'cppcheck' to perform static code analysis on C / C++ code
[1.799s] -- Configured cppcheck include dirs: 
[1.799s] -- Configured cppcheck exclude dirs and/or files: 
[1.807s] -- Added test 'lint_cmake' to check CMake code style
[1.826s] -- Added test 'uncrustify' to check C / C++ code style
[1.826s] -- Configured uncrustify additional arguments: 
[1.829s] -- Added test 'xmllint' to check XML markup files
[1.831s] -- Configuring done
[1.866s] -- Generating done
[1.873s] -- Build files have been written to: /home/jh0933/kdta_ws/build/simple_pkg_cpp
[1.950s] [35m[1mConsolidate compiler generated dependencies of target helloworld[0m
[1.950s] [35m[1mConsolidate compiler generated dependencies of target helloOpenCV[0m
[1.992s] [ 50%] Built target helloworld
[1.994s] [ 75%] [32mBuilding CXX object CMakeFiles/helloOpenCV.dir/src/helloOpenCV.cpp.o[0m
[5.729s] [01m[K/home/jh0933/kdta_ws/src/simple_pkg_cpp/src/helloOpenCV.cpp:[m[K In function â€˜[01m[Kint main()[m[Kâ€™:
[5.729s] [01m[K/home/jh0933/kdta_ws/src/simple_pkg_cpp/src/helloOpenCV.cpp:8:52:[m[K [01;31m[Kerror: [m[Kâ€˜[01m[KFONT_HERSHY_SIMPLEX[m[Kâ€™ was not declared in this scope
[5.729s]     8 |     putText(img, "Hello, OpenCV!", Point(50, 250), [01;31m[KFONT_HERSHY_SIMPLEX[m[K, 1, Scalar(255), 2);
[5.729s]       |                                                    [01;31m[K^~~~~~~~~~~~~~~~~~~[m[K
[7.057s] gmake[2]: *** [CMakeFiles/helloOpenCV.dir/build.make:76: CMakeFiles/helloOpenCV.dir/src/helloOpenCV.cpp.o] ì˜¤ë¥˜ 1
[7.058s] gmake[1]: *** [CMakeFiles/Makefile2:165: CMakeFiles/helloOpenCV.dir/all] ì˜¤ë¥˜ 2
[7.065s] gmake: *** [Makefile:146: all] ì˜¤ë¥˜ 2
[7.074s] Invoked command in '/home/jh0933/kdta_ws/build/simple_pkg_cpp' returned '2': CMAKE_PREFIX_PATH=${CMAKE_PREFIX_PATH}:/opt/ros/humble /usr/bin/cmake --build /home/jh0933/kdta_ws/build/simple_pkg_cpp -- -j4 -l4
